Build started 10/31/2015 11:19:49 AM.
     1>Project "C:\Users\Taiblockzero\Documents\Visual Studio 2015\Projects\Domashno 1 SDP Ivailo Iliev 45119 v2\Domashno 1 SDP Ivailo Iliev 45119 v2\Domashno 1 SDP Ivailo Iliev 45119 v2.vcxproj" on node 2 (Build target(s)).
     1>ClCompile:
         C:\Program Files (x86)\Microsoft Visual Studio 14.0\VC\bin\CL.exe /c /ZI /nologo /W3 /WX- /Od /Oy- /D WIN32 /D _DEBUG /D _CONSOLE /D _UNICODE /D UNICODE /Gm /EHsc /RTC1 /MDd /GS /fp:precise /Zc:wchar_t /Zc:forScope /Zc:inline /Fo"Debug\\" /Fd"Debug\vc140.pdb" /Gd /TP /analyze- /errorReport:prompt Stack.cpp main.cpp
         Stack.cpp
     1>c:\users\taiblockzero\documents\visual studio 2015\projects\domashno 1 sdp ivailo iliev 45119 v2\domashno 1 sdp ivailo iliev 45119 v2\stack.cpp(7): warning C4996: 'strcpy': This function or variable may be unsafe. Consider using strcpy_s instead. To disable deprecation, use _CRT_SECURE_NO_WARNINGS. See online help for details.
         c:\program files (x86)\windows kits\10\include\10.0.10150.0\ucrt\string.h(119): note: see declaration of 'strcpy'
     1>c:\users\taiblockzero\documents\visual studio 2015\projects\domashno 1 sdp ivailo iliev 45119 v2\domashno 1 sdp ivailo iliev 45119 v2\stack.cpp(46): warning C4018: '<': signed/unsigned mismatch
     1>c:\users\taiblockzero\documents\visual studio 2015\projects\domashno 1 sdp ivailo iliev 45119 v2\domashno 1 sdp ivailo iliev 45119 v2\stack.cpp(221): warning C4996: 'strcpy': This function or variable may be unsafe. Consider using strcpy_s instead. To disable deprecation, use _CRT_SECURE_NO_WARNINGS. See online help for details.
         c:\program files (x86)\windows kits\10\include\10.0.10150.0\ucrt\string.h(119): note: see declaration of 'strcpy'
     1>c:\users\taiblockzero\documents\visual studio 2015\projects\domashno 1 sdp ivailo iliev 45119 v2\domashno 1 sdp ivailo iliev 45119 v2\stack.cpp(225): warning C4996: 'strcat': This function or variable may be unsafe. Consider using strcat_s instead. To disable deprecation, use _CRT_SECURE_NO_WARNINGS. See online help for details.
         c:\program files (x86)\windows kits\10\include\10.0.10150.0\ucrt\string.h(90): note: see declaration of 'strcat'
         Generating Code...
         Skipping... (no relevant changes detected)
         main.cpp
       Link:
         C:\Program Files (x86)\Microsoft Visual Studio 14.0\VC\bin\link.exe /ERRORREPORT:PROMPT /OUT:"C:\Users\Taiblockzero\Documents\Visual Studio 2015\Projects\Domashno 1 SDP Ivailo Iliev 45119 v2\Debug\Domashno 1 SDP Ivailo Iliev 45119 v2.exe" /INCREMENTAL /NOLOGO kernel32.lib user32.lib gdi32.lib winspool.lib comdlg32.lib advapi32.lib shell32.lib ole32.lib oleaut32.lib uuid.lib odbc32.lib odbccp32.lib /MANIFEST /MANIFESTUAC:"level='asInvoker' uiAccess='false'" /manifest:embed /Debug /PDB:"C:\Users\Taiblockzero\Documents\Visual Studio 2015\Projects\Domashno 1 SDP Ivailo Iliev 45119 v2\Debug\Domashno 1 SDP Ivailo Iliev 45119 v2.pdb" /SUBSYSTEM:CONSOLE /TLBID:1 /DYNAMICBASE /NXCOMPAT /IMPLIB:"C:\Users\Taiblockzero\Documents\Visual Studio 2015\Projects\Domashno 1 SDP Ivailo Iliev 45119 v2\Debug\Domashno 1 SDP Ivailo Iliev 45119 v2.lib" /MACHINE:X86 Debug\main.obj
         Debug\Stack.obj
         Domashno 1 SDP Ivailo Iliev 45119 v2.vcxproj -> C:\Users\Taiblockzero\Documents\Visual Studio 2015\Projects\Domashno 1 SDP Ivailo Iliev 45119 v2\Debug\Domashno 1 SDP Ivailo Iliev 45119 v2.exe
     1>Done Building Project "C:\Users\Taiblockzero\Documents\Visual Studio 2015\Projects\Domashno 1 SDP Ivailo Iliev 45119 v2\Domashno 1 SDP Ivailo Iliev 45119 v2\Domashno 1 SDP Ivailo Iliev 45119 v2.vcxproj" (Build target(s)).

Build succeeded.

Time Elapsed 00:00:02.51
